Using pre-set license
Built from '2020.3/staging' branch; Version is '2020.3.20f1 (41c4e627c95f) revision 4310246'; Using compiler version '192528614'; Build Type 'Release'
OS: 'Windows 10 Home; OS build 19043.1586; Version 2009; 64bit' Language: 'uk' Physical Memory: 16236 MB
BatchMode: 1, IsHumanControllingUs: 0, StartBugReporterOnCrash: 0, Is64bit: 1, IsPro: 0

COMMAND LINE ARGUMENTS:
C:\Program Files\Unity\Hub\Editor\2020.3.20f1\Editor\Unity.exe
-adb2
-batchMode
-noUpm
-name
AssetImportWorker0
-projectPath
D:/Unity/UnityTeam/Clones/Mommy_Jump
-logFile
Logs/AssetImportWorker0.log
-srvPort
50206
Successfully changed project path to: D:/Unity/UnityTeam/Clones/Mommy_Jump
D:/Unity/UnityTeam/Clones/Mommy_Jump
Using Asset Import Pipeline V2.
Refreshing native plugins compatible for Editor in 49.77 ms, found 3 plugins.
Preloading 0 native plugins for Editor in 0.00 ms.
Initialize engine version: 2020.3.20f1 (41c4e627c95f)
[Subsystems] Discovering subsystems at path C:/Program Files/Unity/Hub/Editor/2020.3.20f1/Editor/Data/Resources/UnitySubsystems
[Subsystems] Discovering subsystems at path D:/Unity/UnityTeam/Clones/Mommy_Jump/Assets
GfxDevice: creating device client; threaded=0
Direct3D:
    Version:  Direct3D 11.0 [level 11.1]
    Renderer: NVIDIA GeForce GTX 1060 3GB (ID=0x1c02)
    Vendor:   
    VRAM:     2988 MB
    Driver:   30.0.15.1179
Initialize mono
Mono path[0] = 'C:/Program Files/Unity/Hub/Editor/2020.3.20f1/Editor/Data/Managed'
Mono path[1] = 'C:/Program Files/Unity/Hub/Editor/2020.3.20f1/Editor/Data/MonoBleedingEdge/lib/mono/unityjit'
Mono config path = 'C:/Program Files/Unity/Hub/Editor/2020.3.20f1/Editor/Data/MonoBleedingEdge/etc'
Using monoOptions --debugger-agent=transport=dt_socket,embedding=1,server=y,suspend=n,address=127.0.0.1:56428
Begin MonoManager ReloadAssembly
Registering precompiled unity dll's ...
Register platform support module: C:/Program Files/Unity/Hub/Editor/2020.3.20f1/Editor/Data/PlaybackEngines/WindowsStandaloneSupport/UnityEditor.WindowsStandalone.Extensions.dll
Registered in 0.001570 seconds.
Native extension for WindowsStandalone target not found
Refreshing native plugins compatible for Editor in 47.83 ms, found 3 plugins.
Preloading 0 native plugins for Editor in 0.00 ms.
Mono: successfully reloaded assembly
- Completed reload, in  1.498 seconds
Domain Reload Profiling:
	ReloadAssembly (1499ms)
		BeginReloadAssembly (47ms)
			ExecutionOrderSort (0ms)
			DisableScriptedObjects (0ms)
			BackupInstance (0ms)
			ReleaseScriptingObjects (0ms)
			CreateAndSetChildDomain (1ms)
		EndReloadAssembly (396ms)
			LoadAssemblies (45ms)
			RebuildTransferFunctionScriptingTraits (0ms)
			SetupTypeCache (134ms)
			ReleaseScriptCaches (0ms)
			RebuildScriptCaches (28ms)
			SetupLoadedEditorAssemblies (166ms)
				LogAssemblyErrors (0ms)
				InitializePlatformSupportModulesInManaged (3ms)
				SetLoadedEditorAssemblies (0ms)
				RefreshPlugins (48ms)
				BeforeProcessingInitializeOnLoad (15ms)
				ProcessInitializeOnLoadAttributes (72ms)
				ProcessInitializeOnLoadMethodAttributes (27ms)
				AfterProcessingInitializeOnLoad (0ms)
				EditorAssembliesLoaded (0ms)
			ExecutionOrderSort2 (0ms)
			AwakeInstancesAfterBackupRestoration (0ms)
Platform modules already initialized, skipping
Registering precompiled user dll's ...
Registered in 0.001823 seconds.
Begin MonoManager ReloadAssembly
Native extension for WindowsStandalone target not found
Refreshing native plugins compatible for Editor in 45.90 ms, found 3 plugins.
Preloading 0 native plugins for Editor in 0.00 ms.
Mono: successfully reloaded assembly
- Completed reload, in  0.992 seconds
Domain Reload Profiling:
	ReloadAssembly (992ms)
		BeginReloadAssembly (127ms)
			ExecutionOrderSort (0ms)
			DisableScriptedObjects (4ms)
			BackupInstance (0ms)
			ReleaseScriptingObjects (0ms)
			CreateAndSetChildDomain (16ms)
		EndReloadAssembly (811ms)
			LoadAssemblies (78ms)
			RebuildTransferFunctionScriptingTraits (0ms)
			SetupTypeCache (261ms)
			ReleaseScriptCaches (0ms)
			RebuildScriptCaches (43ms)
			SetupLoadedEditorAssemblies (315ms)
				LogAssemblyErrors (0ms)
				InitializePlatformSupportModulesInManaged (3ms)
				SetLoadedEditorAssemblies (0ms)
				RefreshPlugins (46ms)
				BeforeProcessingInitializeOnLoad (73ms)
				ProcessInitializeOnLoadAttributes (176ms)
				ProcessInitializeOnLoadMethodAttributes (11ms)
				AfterProcessingInitializeOnLoad (5ms)
				EditorAssembliesLoaded (0ms)
			ExecutionOrderSort2 (0ms)
			AwakeInstancesAfterBackupRestoration (6ms)
Platform modules already initialized, skipping
========================================================================
Worker process is ready to serve import requests
Launched and connected shader compiler UnityShaderCompiler.exe after 0.05 seconds
Refreshing native plugins compatible for Editor in 0.76 ms, found 3 plugins.
Preloading 0 native plugins for Editor in 0.00 ms.
Unloading 2359 Unused Serialized files (Serialized files now loaded: 0)
System memory in use before: 100.1 MB.
System memory in use after: 100.3 MB.

Unloading 62 unused Assets to reduce memory usage. Loaded Objects now: 2763.
Total: 3.214000 ms (FindLiveObjects: 0.273600 ms CreateObjectMapping: 0.121100 ms MarkObjects: 2.730100 ms  DeleteObjects: 0.087900 ms)

AssetImportParameters requested are different than current active one (requested -> active):
  custom:framework-win-MediaFoundation: 216162199b28c13a410421893ffa2e32 -> 
  custom:video-decoder-ogg-theora: a1e56fd34408186e4bbccfd4996cb3dc -> 
  custom:container-muxer-webm: aa71ff27fc2769a1b78a27578f13a17b -> 
  custom:container-demuxer-webm: 4f35f7cbe854078d1ac9338744f61a02 -> 
  custom:container-demuxer-ogg: 62fdf1f143b41e24485cea50d1cbac27 -> 
  custom:video-encoder-webm-vp8: eb34c28f22e8b96e1ab97ce403110664 -> 
  custom:video-decoder-webm-vp8: 9c59270c3fd7afecdb556c50c9e8de78 -> 
  custom:audio-decoder-ogg-vorbis: bf7c407c2cedff20999df2af8eb42d56 -> 
  custom:audio-encoder-webm-vorbis: bf7c407c2cedff20999df2af8eb42d56 -> 
========================================================================
Received Import Request.
  path: Assets/Scripts
  artifactKey: Guid(fdbc5672d174ebf47bd0a6f2dc6c889e) Importer(815301076,1909f56bfc062723c751e8b465ee728b)
Start importing Assets/Scripts using Guid(fdbc5672d174ebf47bd0a6f2dc6c889e) Importer(815301076,1909f56bfc062723c751e8b465ee728b)  -> (artifact id: 'ed5631bdf64ef174490058d3c583e8fc') in 0.006985 seconds 
  Import took 0.010264 seconds .

========================================================================
Received Prepare
Registering precompiled user dll's ...
Registered in 0.001659 seconds.
Begin MonoManager ReloadAssembly
Native extension for WindowsStandalone target not found
Refreshing native plugins compatible for Editor in 0.82 ms, found 3 plugins.
Preloading 0 native plugins for Editor in 0.00 ms.
Mono: successfully reloaded assembly
- Completed reload, in  0.925 seconds
Domain Reload Profiling:
	ReloadAssembly (925ms)
		BeginReloadAssembly (110ms)
			ExecutionOrderSort (0ms)
			DisableScriptedObjects (5ms)
			BackupInstance (0ms)
			ReleaseScriptingObjects (0ms)
			CreateAndSetChildDomain (32ms)
		EndReloadAssembly (758ms)
			LoadAssemblies (74ms)
			RebuildTransferFunctionScriptingTraits (0ms)
			SetupTypeCache (264ms)
			ReleaseScriptCaches (1ms)
			RebuildScriptCaches (39ms)
			SetupLoadedEditorAssemblies (271ms)
				LogAssemblyErrors (0ms)
				InitializePlatformSupportModulesInManaged (4ms)
				SetLoadedEditorAssemblies (0ms)
				RefreshPlugins (1ms)
				BeforeProcessingInitializeOnLoad (76ms)
				ProcessInitializeOnLoadAttributes (180ms)
				ProcessInitializeOnLoadMethodAttributes (5ms)
				AfterProcessingInitializeOnLoad (5ms)
				EditorAssembliesLoaded (0ms)
			ExecutionOrderSort2 (0ms)
			AwakeInstancesAfterBackupRestoration (9ms)
Platform modules already initialized, skipping
Switching build target platform(19) subTarget(0) extendedPlatform(0) -> platform(13) subTarget(537395200) extendedPlatform(0)
Refreshing native plugins compatible for Editor in 0.73 ms, found 3 plugins.
Preloading 0 native plugins for Editor in 0.00 ms.
Unloading 2353 Unused Serialized files (Serialized files now loaded: 0)
System memory in use before: 99.7 MB.
System memory in use after: 99.9 MB.

Unloading 50 unused Assets to reduce memory usage. Loaded Objects now: 2767.
Total: 3.064100 ms (FindLiveObjects: 0.246800 ms CreateObjectMapping: 0.108500 ms MarkObjects: 2.684600 ms  DeleteObjects: 0.023400 ms)

AssetImportParameters requested are different than current active one (requested -> active):
  custom:framework-win-MediaFoundation: 216162199b28c13a410421893ffa2e32 -> 
  custom:video-decoder-ogg-theora: a1e56fd34408186e4bbccfd4996cb3dc -> 
  custom:container-muxer-webm: aa71ff27fc2769a1b78a27578f13a17b -> 
  custom:container-demuxer-webm: 4f35f7cbe854078d1ac9338744f61a02 -> 
  custom:container-demuxer-ogg: 62fdf1f143b41e24485cea50d1cbac27 -> 
  custom:video-encoder-webm-vp8: eb34c28f22e8b96e1ab97ce403110664 -> 
  custom:video-decoder-webm-vp8: 9c59270c3fd7afecdb556c50c9e8de78 -> 
  custom:graphics/normal-map-encoding: 01000000000000000000000000000000 -> 02000000000000000000000000000000
  custom:audio-decoder-ogg-vorbis: bf7c407c2cedff20999df2af8eb42d56 -> 
  custom:audio-encoder-webm-vorbis: bf7c407c2cedff20999df2af8eb42d56 -> 
========================================================================
Received Import Request.
  Time since last request: 23.233950 seconds.
  path: Assets/Pictures/Background.png
  artifactKey: Guid(16bc274ab0df4ca4291f588a069bb52f) Importer(815301076,1909f56bfc062723c751e8b465ee728b)
Start importing Assets/Pictures/Background.png using Guid(16bc274ab0df4ca4291f588a069bb52f) Importer(815301076,1909f56bfc062723c751e8b465ee728b)  -> (artifact id: 'bf49daceba97dfb9dc1bf913fe745c1f') in 0.100121 seconds 
  Import took 0.103992 seconds .

========================================================================
Received Import Request.
  Time since last request: 0.000219 seconds.
  path: Assets/Pictures/Doodle.png
  artifactKey: Guid(16fe3fa34a0d3ab40b4b7d30f59dc57f) Importer(815301076,1909f56bfc062723c751e8b465ee728b)
Start importing Assets/Pictures/Doodle.png using Guid(16fe3fa34a0d3ab40b4b7d30f59dc57f) Importer(815301076,1909f56bfc062723c751e8b465ee728b)  -> (artifact id: '4624f968bae70fb03252785c5aabd7fc') in 0.020527 seconds 
  Import took 0.023597 seconds .

========================================================================
Received Import Request.
  Time since last request: 0.000170 seconds.
  path: Assets/Pictures/platform.png
  artifactKey: Guid(b751baba13d3da54d8c3354b9550380b) Importer(815301076,1909f56bfc062723c751e8b465ee728b)
Start importing Assets/Pictures/platform.png using Guid(b751baba13d3da54d8c3354b9550380b) Importer(815301076,1909f56bfc062723c751e8b465ee728b)  -> (artifact id: '6a05ad4a0eb9410831c0e976e6f9f6c9') in 0.011573 seconds 
  Import took 0.014896 seconds .

========================================================================
Received Import Request.
  Time since last request: 0.000167 seconds.
  path: Assets/Pictures/Spring.jpg
  artifactKey: Guid(db987b44f49317140af910c05b86f706) Importer(815301076,1909f56bfc062723c751e8b465ee728b)
Start importing Assets/Pictures/Spring.jpg using Guid(db987b44f49317140af910c05b86f706) Importer(815301076,1909f56bfc062723c751e8b465ee728b)  -> (artifact id: '6e0a391098eb5d697cad7d92e4e55456') in 0.020921 seconds 
  Import took 0.024398 seconds .

========================================================================
Received Import Request.
  Time since last request: 134.521851 seconds.
  path: Assets/Pictures/burbankbigcondensed_black.otf
  artifactKey: Guid(d3746ac092a421946ac9c51ff3beb20f) Importer(815301076,1909f56bfc062723c751e8b465ee728b)
Start importing Assets/Pictures/burbankbigcondensed_black.otf using Guid(d3746ac092a421946ac9c51ff3beb20f) Importer(815301076,1909f56bfc062723c751e8b465ee728b)  -> (artifact id: '6acc6eafddda1313eda9c09dec4b8775') in 0.039993 seconds 
  Import took 0.043816 seconds .

========================================================================
Received Import Request.
  Time since last request: 0.000177 seconds.
  path: Assets/Pictures/pngegg.png
  artifactKey: Guid(c85b9c73f140d504dac0a7ba4e61f1f5) Importer(815301076,1909f56bfc062723c751e8b465ee728b)
Start importing Assets/Pictures/pngegg.png using Guid(c85b9c73f140d504dac0a7ba4e61f1f5) Importer(815301076,1909f56bfc062723c751e8b465ee728b)  -> (artifact id: '5e544b2123fc697f8b2e30036d6c4e84') in 0.014572 seconds 
  Import took 0.017584 seconds .

========================================================================
Received Import Request.
  Time since last request: 0.000135 seconds.
  path: Assets/Pictures/sunnyday.png
  artifactKey: Guid(c5cab1686e3f9ef45b360cd6df8f5a98) Importer(815301076,1909f56bfc062723c751e8b465ee728b)
Start importing Assets/Pictures/sunnyday.png using Guid(c5cab1686e3f9ef45b360cd6df8f5a98) Importer(815301076,1909f56bfc062723c751e8b465ee728b)  -> (artifact id: 'f80f0616954b469da580706ffb5a14ec') in 0.032504 seconds 
  Import took 0.035808 seconds .

========================================================================
Received Import Request.
  Time since last request: 0.000140 seconds.
  path: Assets/Pictures/cityskyline.png
  artifactKey: Guid(cba9330b1a9fe8640950ae6947528076) Importer(815301076,1909f56bfc062723c751e8b465ee728b)
Start importing Assets/Pictures/cityskyline.png using Guid(cba9330b1a9fe8640950ae6947528076) Importer(815301076,1909f56bfc062723c751e8b465ee728b)  -> (artifact id: '399ff0577c956ab227484810155a3e74') in 0.017137 seconds 
  Import took 0.020267 seconds .

========================================================================
Received Import Request.
  Time since last request: 0.000153 seconds.
  path: Assets/Pictures/NewPinkMonster.png
  artifactKey: Guid(b9513a9618caeba4a8ccc1cb673e5a0c) Importer(815301076,1909f56bfc062723c751e8b465ee728b)
Start importing Assets/Pictures/NewPinkMonster.png using Guid(b9513a9618caeba4a8ccc1cb673e5a0c) Importer(815301076,1909f56bfc062723c751e8b465ee728b)  -> (artifact id: '256dc3e38f327e8ba0b78310d4227234') in 0.041320 seconds 
  Import took 0.044734 seconds .

========================================================================
Received Import Request.
  Time since last request: 0.000147 seconds.
  path: Assets/Pictures/snowymountains.png
  artifactKey: Guid(ce791add08097824498d50104561b4b8) Importer(815301076,1909f56bfc062723c751e8b465ee728b)
Start importing Assets/Pictures/snowymountains.png using Guid(ce791add08097824498d50104561b4b8) Importer(815301076,1909f56bfc062723c751e8b465ee728b)  -> (artifact id: '8a15c8d52911d5173158f804ea6e9bff') in 0.013155 seconds 
  Import took 0.016184 seconds .

========================================================================
Received Import Request.
  Time since last request: 0.000176 seconds.
  path: Assets/Pictures/Ice_block_game_platform.png
  artifactKey: Guid(220d0fb8117c5264788e0b27506e7294) Importer(815301076,1909f56bfc062723c751e8b465ee728b)
Start importing Assets/Pictures/Ice_block_game_platform.png using Guid(220d0fb8117c5264788e0b27506e7294) Importer(815301076,1909f56bfc062723c751e8b465ee728b)  -> (artifact id: '96eaf6d2154aa4154508eb13fcd6281c') in 0.028778 seconds 
  Import took 0.031900 seconds .

========================================================================
Received Import Request.
  Time since last request: 0.000193 seconds.
  path: Assets/Pictures/images.jpg
  artifactKey: Guid(14f36ad0894793c4c9ef9037e58a4a71) Importer(815301076,1909f56bfc062723c751e8b465ee728b)
Start importing Assets/Pictures/images.jpg using Guid(14f36ad0894793c4c9ef9037e58a4a71) Importer(815301076,1909f56bfc062723c751e8b465ee728b)  -> (artifact id: '5da6eedd31f98188d744b0a208622cd7') in 0.010402 seconds 
  Import took 0.013421 seconds .

========================================================================
Received Import Request.
  Time since last request: 0.000178 seconds.
  path: Assets/Pictures/ce80c5c3db6e9b7.png
  artifactKey: Guid(b2f9c7850c164584faa7be52d54ce6f3) Importer(815301076,1909f56bfc062723c751e8b465ee728b)
Start importing Assets/Pictures/ce80c5c3db6e9b7.png using Guid(b2f9c7850c164584faa7be52d54ce6f3) Importer(815301076,1909f56bfc062723c751e8b465ee728b)  -> (artifact id: '3bd3d6946f3950da0fc4c0ae56863e39') in 0.009953 seconds 
  Import took 0.013058 seconds .

========================================================================
Received Prepare
Registering precompiled user dll's ...
Registered in 0.001750 seconds.
Begin MonoManager ReloadAssembly
Native extension for WindowsStandalone target not found
Refreshing native plugins compatible for Editor in 0.71 ms, found 3 plugins.
Preloading 0 native plugins for Editor in 0.00 ms.
Mono: successfully reloaded assembly
- Completed reload, in  0.973 seconds
Domain Reload Profiling:
	ReloadAssembly (974ms)
		BeginReloadAssembly (107ms)
			ExecutionOrderSort (0ms)
			DisableScriptedObjects (5ms)
			BackupInstance (0ms)
			ReleaseScriptingObjects (0ms)
			CreateAndSetChildDomain (32ms)
		EndReloadAssembly (812ms)
			LoadAssemblies (76ms)
			RebuildTransferFunctionScriptingTraits (0ms)
			SetupTypeCache (259ms)
			ReleaseScriptCaches (1ms)
			RebuildScriptCaches (40ms)
			SetupLoadedEditorAssemblies (328ms)
				LogAssemblyErrors (0ms)
				InitializePlatformSupportModulesInManaged (4ms)
				SetLoadedEditorAssemblies (0ms)
				RefreshPlugins (1ms)
				BeforeProcessingInitializeOnLoad (92ms)
				ProcessInitializeOnLoadAttributes (220ms)
				ProcessInitializeOnLoadMethodAttributes (5ms)
				AfterProcessingInitializeOnLoad (5ms)
				EditorAssembliesLoaded (0ms)
			ExecutionOrderSort2 (0ms)
			AwakeInstancesAfterBackupRestoration (9ms)
Platform modules already initialized, skipping
Switching build target platform(19) subTarget(0) extendedPlatform(0) -> platform(13) subTarget(537395200) extendedPlatform(0)
Refreshing native plugins compatible for Editor in 0.76 ms, found 3 plugins.
Preloading 0 native plugins for Editor in 0.00 ms.
Unloading 2353 Unused Serialized files (Serialized files now loaded: 0)
System memory in use before: 103.1 MB.
System memory in use after: 103.3 MB.

Unloading 50 unused Assets to reduce memory usage. Loaded Objects now: 2828.
Total: 3.090900 ms (FindLiveObjects: 0.264000 ms CreateObjectMapping: 0.106800 ms MarkObjects: 2.696700 ms  DeleteObjects: 0.022200 ms)

AssetImportParameters requested are different than current active one (requested -> active):
  custom:framework-win-MediaFoundation: 216162199b28c13a410421893ffa2e32 -> 
  custom:video-decoder-ogg-theora: a1e56fd34408186e4bbccfd4996cb3dc -> 
  custom:container-muxer-webm: aa71ff27fc2769a1b78a27578f13a17b -> 
  custom:container-demuxer-webm: 4f35f7cbe854078d1ac9338744f61a02 -> 
  custom:container-demuxer-ogg: 62fdf1f143b41e24485cea50d1cbac27 -> 
  custom:video-encoder-webm-vp8: eb34c28f22e8b96e1ab97ce403110664 -> 
  custom:video-decoder-webm-vp8: 9c59270c3fd7afecdb556c50c9e8de78 -> 
  custom:graphics/normal-map-encoding: 01000000000000000000000000000000 -> 02000000000000000000000000000000
  custom:audio-decoder-ogg-vorbis: bf7c407c2cedff20999df2af8eb42d56 -> 
  custom:audio-encoder-webm-vorbis: bf7c407c2cedff20999df2af8eb42d56 -> 
========================================================================
Received Import Request.
  Time since last request: 221.898468 seconds.
  path: Assets/Pictures/Ice_block_game_platform.png
  artifactKey: Guid(220d0fb8117c5264788e0b27506e7294) Importer(815301076,1909f56bfc062723c751e8b465ee728b)
Start importing Assets/Pictures/Ice_block_game_platform.png using Guid(220d0fb8117c5264788e0b27506e7294) Importer(815301076,1909f56bfc062723c751e8b465ee728b)  -> (artifact id: 'a543ad0131e5886d82c7bfbd3fb6d716') in 0.045255 seconds 
  Import took 0.048623 seconds .

========================================================================
Received Import Request.
  Time since last request: 3.677922 seconds.
  path: Assets/Pictures/Ice_block_game_platform.png
  artifactKey: Guid(220d0fb8117c5264788e0b27506e7294) Importer(815301076,1909f56bfc062723c751e8b465ee728b)
Start importing Assets/Pictures/Ice_block_game_platform.png using Guid(220d0fb8117c5264788e0b27506e7294) Importer(815301076,1909f56bfc062723c751e8b465ee728b)  -> (artifact id: '992db89b5e8c3c5a5057bda5d3dcf629') in 0.038833 seconds 
  Import took 0.042448 seconds .

========================================================================
Received Import Request.
  Time since last request: 26.798795 seconds.
  path: Assets/Pictures/Ice_block_game_platform.png
  artifactKey: Guid(220d0fb8117c5264788e0b27506e7294) Importer(815301076,1909f56bfc062723c751e8b465ee728b)
Start importing Assets/Pictures/Ice_block_game_platform.png using Guid(220d0fb8117c5264788e0b27506e7294) Importer(815301076,1909f56bfc062723c751e8b465ee728b)  -> (artifact id: 'cab5aec349b102ec0c822159ba92b117') in 0.038243 seconds 
  Import took 0.042392 seconds .

========================================================================
Received Import Request.
  Time since last request: 308.414399 seconds.
  path: Assets/Pictures/Під Монетки.png
  artifactKey: Guid(0a7b0317ac24d9b40bf25abd08d8c932) Importer(815301076,1909f56bfc062723c751e8b465ee728b)
Start importing Assets/Pictures/Під Монетки.png using Guid(0a7b0317ac24d9b40bf25abd08d8c932) Importer(815301076,1909f56bfc062723c751e8b465ee728b)  -> (artifact id: 'a7e143fae8fb6b7b6a8ffc39f73facd8') in 0.011506 seconds 
  Import took 0.015620 seconds .

AssetImportWorkerClient::OnTransportError - code=2 error=End of file
