Using pre-set license
Built from '2021.1/staging' branch; Version is '2021.1.27f1 (7e296a84045d) revision 8268138'; Using compiler version '192528614'; Build Type 'Release'
OS: 'Windows 10 Home; OS build 19043.1645; Version 2009; 64bit' Language: 'uk' Physical Memory: 16236 MB
BatchMode: 1, IsHumanControllingUs: 0, StartBugReporterOnCrash: 0, Is64bit: 1, IsPro: 0

COMMAND LINE ARGUMENTS:
C:\Program Files\Unity\Hub\Editor\2021.1.27f1\Editor\Unity.exe
-adb2
-batchMode
-noUpm
-name
AssetImportWorker0
-projectPath
D:/Unity/UnityTeam/TestBuildMom
-logFile
Logs/AssetImportWorker0.log
-srvPort
58748
Successfully changed project path to: D:/Unity/UnityTeam/TestBuildMom
D:/Unity/UnityTeam/TestBuildMom
Using Asset Import Pipeline V2.
Refreshing native plugins compatible for Editor in 35.67 ms, found 2 plugins.
Preloading 0 native plugins for Editor in 0.00 ms.
Initialize engine version: 2021.1.27f1 (7e296a84045d)
[Subsystems] Discovering subsystems at path C:/Program Files/Unity/Hub/Editor/2021.1.27f1/Editor/Data/Resources/UnitySubsystems
[Subsystems] Discovering subsystems at path D:/Unity/UnityTeam/TestBuildMom/Assets
GfxDevice: creating device client; threaded=0; jobified=0
Direct3D:
    Version:  Direct3D 11.0 [level 11.1]
    Renderer: NVIDIA GeForce GTX 1060 3GB (ID=0x1c02)
    Vendor:   NVIDIA
    VRAM:     2988 MB
    Driver:   30.0.15.1179
Initialize mono
Mono path[0] = 'C:/Program Files/Unity/Hub/Editor/2021.1.27f1/Editor/Data/Managed'
Mono path[1] = 'C:/Program Files/Unity/Hub/Editor/2021.1.27f1/Editor/Data/MonoBleedingEdge/lib/mono/unityjit'
Mono config path = 'C:/Program Files/Unity/Hub/Editor/2021.1.27f1/Editor/Data/MonoBleedingEdge/etc'
Using monoOptions --debugger-agent=transport=dt_socket,embedding=1,server=y,suspend=n,address=127.0.0.1:56712
Begin MonoManager ReloadAssembly
Registering precompiled unity dll's ...
Register platform support module: C:/Program Files/Unity/Hub/Editor/2021.1.27f1/Editor/Data/PlaybackEngines/WindowsStandaloneSupport/UnityEditor.WindowsStandalone.Extensions.dll
Registered in 0.001450 seconds.
Native extension for WindowsStandalone target not found
Refreshing native plugins compatible for Editor in 33.00 ms, found 2 plugins.
Preloading 0 native plugins for Editor in 0.00 ms.
Mono: successfully reloaded assembly
- Completed reload, in  1.706 seconds
Domain Reload Profiling:
	ReloadAssembly (1706ms)
		BeginReloadAssembly (56ms)
			ExecutionOrderSort (0ms)
			DisableScriptedObjects (0ms)
			BackupInstance (0ms)
			ReleaseScriptingObjects (0ms)
			CreateAndSetChildDomain (1ms)
		EndReloadAssembly (422ms)
			LoadAssemblies (55ms)
			RebuildTransferFunctionScriptingTraits (0ms)
			SetupTypeCache (155ms)
			ReleaseScriptCaches (0ms)
			RebuildScriptCaches (28ms)
			SetupLoadedEditorAssemblies (182ms)
				LogAssemblyErrors (0ms)
				InitializePlatformSupportModulesInManaged (6ms)
				SetLoadedEditorAssemblies (0ms)
				RefreshPlugins (33ms)
				BeforeProcessingInitializeOnLoad (1ms)
				ProcessInitializeOnLoadAttributes (114ms)
				ProcessInitializeOnLoadMethodAttributes (27ms)
				AfterProcessingInitializeOnLoad (0ms)
				EditorAssembliesLoaded (0ms)
			ExecutionOrderSort2 (0ms)
			AwakeInstancesAfterBackupRestoration (0ms)
Platform modules already initialized, skipping
Registering precompiled user dll's ...
Registered in 0.002300 seconds.
Begin MonoManager ReloadAssembly
Native extension for WindowsStandalone target not found
Refreshing native plugins compatible for Editor in 0.51 ms, found 2 plugins.
Preloading 0 native plugins for Editor in 0.00 ms.
Mono: successfully reloaded assembly
- Completed reload, in  1.024 seconds
Domain Reload Profiling:
	ReloadAssembly (1025ms)
		BeginReloadAssembly (141ms)
			ExecutionOrderSort (0ms)
			DisableScriptedObjects (5ms)
			BackupInstance (0ms)
			ReleaseScriptingObjects (0ms)
			CreateAndSetChildDomain (19ms)
		EndReloadAssembly (831ms)
			LoadAssemblies (79ms)
			RebuildTransferFunctionScriptingTraits (0ms)
			SetupTypeCache (272ms)
			ReleaseScriptCaches (0ms)
			RebuildScriptCaches (39ms)
			SetupLoadedEditorAssemblies (358ms)
				LogAssemblyErrors (0ms)
				InitializePlatformSupportModulesInManaged (4ms)
				SetLoadedEditorAssemblies (0ms)
				RefreshPlugins (1ms)
				BeforeProcessingInitializeOnLoad (42ms)
				ProcessInitializeOnLoadAttributes (295ms)
				ProcessInitializeOnLoadMethodAttributes (10ms)
				AfterProcessingInitializeOnLoad (5ms)
				EditorAssembliesLoaded (0ms)
			ExecutionOrderSort2 (0ms)
			AwakeInstancesAfterBackupRestoration (8ms)
Platform modules already initialized, skipping
========================================================================
Worker process is ready to serve import requests
Launched and connected shader compiler UnityShaderCompiler.exe after 0.06 seconds
Refreshing native plugins compatible for Editor in 0.64 ms, found 2 plugins.
Preloading 0 native plugins for Editor in 0.00 ms.
Unloading 1699 Unused Serialized files (Serialized files now loaded: 0)
System memory in use before: 75.3 MB.
System memory in use after: 75.4 MB.

Unloading 42 unused Assets to reduce memory usage. Loaded Objects now: 2125.
Total: 2.641700 ms (FindLiveObjects: 0.140500 ms CreateObjectMapping: 0.047300 ms MarkObjects: 2.398800 ms  DeleteObjects: 0.054500 ms)

AssetImportParameters requested are different than current active one (requested -> active):
  custom:framework-win-MediaFoundation: 216162199b28c13a410421893ffa2e32 -> 
  custom:video-decoder-ogg-theora: a1e56fd34408186e4bbccfd4996cb3dc -> 
  custom:container-muxer-webm: aa71ff27fc2769a1b78a27578f13a17b -> 
  custom:container-demuxer-webm: 4f35f7cbe854078d1ac9338744f61a02 -> 
  custom:container-demuxer-ogg: 62fdf1f143b41e24485cea50d1cbac27 -> 
  custom:video-encoder-webm-vp8: eb34c28f22e8b96e1ab97ce403110664 -> 
  custom:video-decoder-webm-vp8: 9c59270c3fd7afecdb556c50c9e8de78 -> 
  custom:audio-decoder-ogg-vorbis: bf7c407c2cedff20999df2af8eb42d56 -> 
  custom:audio-encoder-webm-vorbis: bf7c407c2cedff20999df2af8eb42d56 -> 
========================================================================
Received Import Request.
  path: Assets/Scenes/SampleScene.unity
  artifactKey: Guid(2cda990e2423bbf4892e6590ba056729) Importer(815301076,1909f56bfc062723c751e8b465ee728b)
Start importing Assets/Scenes/SampleScene.unity using Guid(2cda990e2423bbf4892e6590ba056729) Importer(815301076,1909f56bfc062723c751e8b465ee728b)  -> (artifact id: 'd2ecd655dd521fc91ae2f8eac184c978') in 0.013331 seconds 
========================================================================
Received Import Request.
  Time since last request: 0.000272 seconds.
  path: Assets/Scenes
  artifactKey: Guid(bbbc74fad6ed1d243aee6102298f428b) Importer(815301076,1909f56bfc062723c751e8b465ee728b)
Start importing Assets/Scenes using Guid(bbbc74fad6ed1d243aee6102298f428b) Importer(815301076,1909f56bfc062723c751e8b465ee728b)  -> (artifact id: 'e5dbec696193c38863c4c41fa5f72bd9') in 0.004674 seconds 
========================================================================
Received Import Request.
  Time since last request: 13.746061 seconds.
  path: Assets/Pictures/Background.png
  artifactKey: Guid(16bc274ab0df4ca4291f588a069bb52f) Importer(815301076,1909f56bfc062723c751e8b465ee728b)
Start importing Assets/Pictures/Background.png using Guid(16bc274ab0df4ca4291f588a069bb52f) Importer(815301076,1909f56bfc062723c751e8b465ee728b)  -> (artifact id: '78a04e816d40a7b51d3f3f23bf43a784') in 0.109123 seconds 
========================================================================
Received Import Request.
  Time since last request: 0.000230 seconds.
  path: Assets/Pictures/sunnyday.png
  artifactKey: Guid(c5cab1686e3f9ef45b360cd6df8f5a98) Importer(815301076,1909f56bfc062723c751e8b465ee728b)
Start importing Assets/Pictures/sunnyday.png using Guid(c5cab1686e3f9ef45b360cd6df8f5a98) Importer(815301076,1909f56bfc062723c751e8b465ee728b)  -> (artifact id: '886a01bfb77c140592936b8923a7047a') in 0.028217 seconds 
========================================================================
Received Import Request.
  Time since last request: 0.000137 seconds.
  path: Assets/Scripts/photo_2022-04-13_18-12-59.jpg
  artifactKey: Guid(b7f1b0fc37f3ac540a134b0393ff656f) Importer(815301076,1909f56bfc062723c751e8b465ee728b)
Start importing Assets/Scripts/photo_2022-04-13_18-12-59.jpg using Guid(b7f1b0fc37f3ac540a134b0393ff656f) Importer(815301076,1909f56bfc062723c751e8b465ee728b)  -> (artifact id: '0cd5f4fccc5a17d4a2fa9c18344a92b9') in 0.028211 seconds 
========================================================================
Received Import Request.
  Time since last request: 0.000135 seconds.
  path: Assets/Pictures/Doodle.png
  artifactKey: Guid(16fe3fa34a0d3ab40b4b7d30f59dc57f) Importer(815301076,1909f56bfc062723c751e8b465ee728b)
Start importing Assets/Pictures/Doodle.png using Guid(16fe3fa34a0d3ab40b4b7d30f59dc57f) Importer(815301076,1909f56bfc062723c751e8b465ee728b)  -> (artifact id: '0c05916226fb05da64bde7318ea3fd40') in 0.017414 seconds 
========================================================================
Received Import Request.
  Time since last request: 0.000164 seconds.
  path: Assets/Pictures/platform.png
  artifactKey: Guid(b751baba13d3da54d8c3354b9550380b) Importer(815301076,1909f56bfc062723c751e8b465ee728b)
Start importing Assets/Pictures/platform.png using Guid(b751baba13d3da54d8c3354b9550380b) Importer(815301076,1909f56bfc062723c751e8b465ee728b)  -> (artifact id: 'cf4654498336c8f348bf0fd5c22bcca2') in 0.016923 seconds 
========================================================================
Received Import Request.
  Time since last request: 0.000160 seconds.
  path: Assets/Pictures/cityskyline.png
  artifactKey: Guid(cba9330b1a9fe8640950ae6947528076) Importer(815301076,1909f56bfc062723c751e8b465ee728b)
Start importing Assets/Pictures/cityskyline.png using Guid(cba9330b1a9fe8640950ae6947528076) Importer(815301076,1909f56bfc062723c751e8b465ee728b)  -> (artifact id: 'e1a1955181151ea5911d64c090f3c87e') in 0.014432 seconds 
========================================================================
Received Import Request.
  Time since last request: 0.000143 seconds.
  path: Assets/Pictures/NewPinkMonster.png
  artifactKey: Guid(b9513a9618caeba4a8ccc1cb673e5a0c) Importer(815301076,1909f56bfc062723c751e8b465ee728b)
Start importing Assets/Pictures/NewPinkMonster.png using Guid(b9513a9618caeba4a8ccc1cb673e5a0c) Importer(815301076,1909f56bfc062723c751e8b465ee728b)  -> (artifact id: '788161702f5014c62585008b50b80a56') in 0.044419 seconds 
========================================================================
Received Import Request.
  Time since last request: 0.000117 seconds.
  path: Assets/Pictures/snowymountains.png
  artifactKey: Guid(ce791add08097824498d50104561b4b8) Importer(815301076,1909f56bfc062723c751e8b465ee728b)
Start importing Assets/Pictures/snowymountains.png using Guid(ce791add08097824498d50104561b4b8) Importer(815301076,1909f56bfc062723c751e8b465ee728b)  -> (artifact id: '3db47425faea7f6f879902eee4c3618a') in 0.013796 seconds 
========================================================================
Received Import Request.
  Time since last request: 0.000142 seconds.
  path: Assets/Pictures/Під Монетки.png
  artifactKey: Guid(0a7b0317ac24d9b40bf25abd08d8c932) Importer(815301076,1909f56bfc062723c751e8b465ee728b)
Start importing Assets/Pictures/Під Монетки.png using Guid(0a7b0317ac24d9b40bf25abd08d8c932) Importer(815301076,1909f56bfc062723c751e8b465ee728b)  -> (artifact id: 'f92d2ba59aa94bc724671d564ee65747') in 0.011676 seconds 
========================================================================
Received Import Request.
  Time since last request: 0.000112 seconds.
  path: Assets/Pictures/Spring.jpg
  artifactKey: Guid(db987b44f49317140af910c05b86f706) Importer(815301076,1909f56bfc062723c751e8b465ee728b)
Start importing Assets/Pictures/Spring.jpg using Guid(db987b44f49317140af910c05b86f706) Importer(815301076,1909f56bfc062723c751e8b465ee728b)  -> (artifact id: '130705b824ebb0cf54c11d91e39300b3') in 0.019273 seconds 
========================================================================
Received Import Request.
  Time since last request: 0.000124 seconds.
  path: Assets/Pictures/Ice_block_game_platform.png
  artifactKey: Guid(220d0fb8117c5264788e0b27506e7294) Importer(815301076,1909f56bfc062723c751e8b465ee728b)
Start importing Assets/Pictures/Ice_block_game_platform.png using Guid(220d0fb8117c5264788e0b27506e7294) Importer(815301076,1909f56bfc062723c751e8b465ee728b)  -> (artifact id: '1ec315f027981f96832e45840a769bc3') in 0.026914 seconds 
========================================================================
Received Import Request.
  Time since last request: 0.000152 seconds.
  path: Assets/Pictures/images.jpg
  artifactKey: Guid(14f36ad0894793c4c9ef9037e58a4a71) Importer(815301076,1909f56bfc062723c751e8b465ee728b)
Start importing Assets/Pictures/images.jpg using Guid(14f36ad0894793c4c9ef9037e58a4a71) Importer(815301076,1909f56bfc062723c751e8b465ee728b)  -> (artifact id: '7d02c3a51b17842b382571189eddf9b2') in 0.009115 seconds 
========================================================================
Received Import Request.
  Time since last request: 0.000150 seconds.
  path: Assets/Pictures/ce80c5c3db6e9b7.png
  artifactKey: Guid(b2f9c7850c164584faa7be52d54ce6f3) Importer(815301076,1909f56bfc062723c751e8b465ee728b)
Start importing Assets/Pictures/ce80c5c3db6e9b7.png using Guid(b2f9c7850c164584faa7be52d54ce6f3) Importer(815301076,1909f56bfc062723c751e8b465ee728b)  -> (artifact id: '60cd46bc6403d60c1a5c4492b5201f6d') in 0.016919 seconds 
========================================================================
Received Prepare
Refreshing native plugins compatible for Editor in 4.79 ms, found 2 plugins.
Preloading 0 native plugins for Editor in 0.00 ms.
Unloading 35 Unused Serialized files (Serialized files now loaded: 0)
System memory in use before: 46.2 MB.
System memory in use after: 46.3 MB.

Unloading 35 unused Assets to reduce memory usage. Loaded Objects now: 2162.
Total: 2.810800 ms (FindLiveObjects: 0.162000 ms CreateObjectMapping: 0.060400 ms MarkObjects: 2.575400 ms  DeleteObjects: 0.012300 ms)

AssetImportParameters requested are different than current active one (requested -> active):
  custom:framework-win-MediaFoundation: 216162199b28c13a410421893ffa2e32 -> 
  custom:video-decoder-ogg-theora: a1e56fd34408186e4bbccfd4996cb3dc -> 
  custom:container-muxer-webm: aa71ff27fc2769a1b78a27578f13a17b -> 
  custom:container-demuxer-webm: 4f35f7cbe854078d1ac9338744f61a02 -> 
  custom:container-demuxer-ogg: 62fdf1f143b41e24485cea50d1cbac27 -> 
  custom:video-encoder-webm-vp8: eb34c28f22e8b96e1ab97ce403110664 -> 
  custom:video-decoder-webm-vp8: 9c59270c3fd7afecdb556c50c9e8de78 -> 
  custom:audio-decoder-ogg-vorbis: bf7c407c2cedff20999df2af8eb42d56 -> 
  custom:audio-encoder-webm-vorbis: bf7c407c2cedff20999df2af8eb42d56 -> 
========================================================================
Received Prepare
Refreshing native plugins compatible for Editor in 4.81 ms, found 2 plugins.
Preloading 0 native plugins for Editor in 0.00 ms.
Unloading 35 Unused Serialized files (Serialized files now loaded: 0)
System memory in use before: 46.2 MB.
System memory in use after: 46.3 MB.

Unloading 35 unused Assets to reduce memory usage. Loaded Objects now: 2162.
Total: 3.417700 ms (FindLiveObjects: 0.192300 ms CreateObjectMapping: 0.071500 ms MarkObjects: 3.140600 ms  DeleteObjects: 0.012800 ms)

AssetImportParameters requested are different than current active one (requested -> active):
  custom:framework-win-MediaFoundation: 216162199b28c13a410421893ffa2e32 -> 
  custom:video-decoder-ogg-theora: a1e56fd34408186e4bbccfd4996cb3dc -> 
  custom:container-muxer-webm: aa71ff27fc2769a1b78a27578f13a17b -> 
  custom:container-demuxer-webm: 4f35f7cbe854078d1ac9338744f61a02 -> 
  custom:container-demuxer-ogg: 62fdf1f143b41e24485cea50d1cbac27 -> 
  custom:video-encoder-webm-vp8: eb34c28f22e8b96e1ab97ce403110664 -> 
  custom:video-decoder-webm-vp8: 9c59270c3fd7afecdb556c50c9e8de78 -> 
  custom:audio-decoder-ogg-vorbis: bf7c407c2cedff20999df2af8eb42d56 -> 
  custom:audio-encoder-webm-vorbis: bf7c407c2cedff20999df2af8eb42d56 -> 
AssetImportWorkerClient::OnTransportError - code=2 error=End of file
